<?xml version="1.0" encoding="UTF-8"?>
<!-- Generated by org.testng.reporters.JUnitReportReporter -->
<testsuite hostname="lexmark2" name="com.lexmark.mavnetest.testfirsttest" tests="2" failures="0" timestamp="1 Feb 2016 18:38:06 GMT" time="0.018" errors="0">
  <testcase name="test1" time="0.017" classname="com.lexmark.mavnetest.testfirsttest"/>
  <testcase name="test2" time="0.001" classname="com.lexmark.mavnetest.testfirsttest"/>
</testsuite> <!-- com.lexmark.mavnetest.testfirsttest -->
